0 info it worked if it ends with ok
1 verbose cli [ 'C:\\Program Files\\nodejs\\node.exe',
1 verbose cli   'C:\\Program Files\\nodejs\\node_modules\\npm\\bin\\npm-cli.js',
1 verbose cli   'start' ]
2 info using npm@3.10.10
3 info using node@v6.10.3
4 verbose run-script [ 'prestart', 'start', 'poststart' ]
5 info lifecycle my-app@0.1.0~prestart: my-app@0.1.0
6 silly lifecycle my-app@0.1.0~prestart: no script for prestart, continuing
7 info lifecycle my-app@0.1.0~start: my-app@0.1.0
8 verbose lifecycle my-app@0.1.0~start: unsafe-perm in lifecycle true
9 verbose lifecycle my-app@0.1.0~start: PATH: C:\Program Files\nodejs\node_modules\npm\bin\node-gyp-bin;C:\Users\ASUS\documents\Github\fb_react\node_modules\.bin;C:\Users\ASUS\bin;C:\Users\ASUS\AppData\Local\GitHub\PortableGit_f02737a78695063deace08e96d5042710d3e32db\usr\local\bin;C:\Users\ASUS\AppData\Local\GitHub\PortableGit_f02737a78695063deace08e96d5042710d3e32db\usr\bin;C:\Users\ASUS\AppData\Local\GitHub\PortableGit_f02737a78695063deace08e96d5042710d3e32db\usr\bin;C:\Users\ASUS\AppData\Local\GitHub\PortableGit_f02737a78695063deace08e96d5042710d3e32db\cmd;C:\Users\ASUS\AppData\Local\GitHub\PortableGit_f02737a78695063deace08e96d5042710d3e32db\usr\bin;C:\Users\ASUS\AppData\Local\GitHub\PortableGit_f02737a78695063deace08e96d5042710d3e32db\usr\share\git-tfs;C:\Users\ASUS\AppData\Local\Apps\2.0\L8BOXDXK.WBQ\84ZN8K98.CYB\gith..tion_317444273a93ac29_0003.0003_5794af8169eeff14;C:\Users\ASUS\AppData\Local\GitHub\lfs-amd64_1.5.5;C:\WINDOWS\system32;C:\WINDOWS;C:\WINDOWS\System32\Wbem;C:\WINDOWS\System32\WindowsPowerShell\v1.0;C:\Program Files\nodejs;C:\Users\ASUS\AppData\Local\Microsoft\WindowsApps;C:\Users\ASUS\AppData\Roaming\npm;C:\Windows\Microsoft.NET\Framework\v4.0.30319;C:\Users\ASUS\AppData\Local\GitHub\PortableGit_f02737a78695063deace08e96d5042710d3e32db\usr\bin\vendor_perl;C:\Users\ASUS\AppData\Local\GitHub\PortableGit_f02737a78695063deace08e96d5042710d3e32db\usr\bin\core_perl
10 verbose lifecycle my-app@0.1.0~start: CWD: C:\Users\ASUS\documents\Github\fb_react
11 silly lifecycle my-app@0.1.0~start: Args: [ '/d /s /c', 'react-scripts start' ]
12 silly lifecycle my-app@0.1.0~start: Returned: code: 1  signal: null
13 info lifecycle my-app@0.1.0~start: Failed to exec start script
14 verbose stack Error: my-app@0.1.0 start: `react-scripts start`
14 verbose stack Exit status 1
14 verbose stack     at EventEmitter.<anonymous> (C:\Program Files\nodejs\node_modules\npm\lib\utils\lifecycle.js:255:16)
14 verbose stack     at emitTwo (events.js:106:13)
14 verbose stack     at EventEmitter.emit (events.js:191:7)
14 verbose stack     at ChildProcess.<anonymous> (C:\Program Files\nodejs\node_modules\npm\lib\utils\spawn.js:40:14)
14 verbose stack     at emitTwo (events.js:106:13)
14 verbose stack     at ChildProcess.emit (events.js:191:7)
14 verbose stack     at maybeClose (internal/child_process.js:886:16)
14 verbose stack     at Process.ChildProcess._handle.onexit (internal/child_process.js:226:5)
15 verbose pkgid my-app@0.1.0
16 verbose cwd C:\Users\ASUS\documents\Github\fb_react
17 error Windows_NT 10.0.14393
18 error argv "C:\\Program Files\\nodejs\\node.exe" "C:\\Program Files\\nodejs\\node_modules\\npm\\bin\\npm-cli.js" "start"
19 error node v6.10.3
20 error npm  v3.10.10
21 error code ELIFECYCLE
22 error my-app@0.1.0 start: `react-scripts start`
22 error Exit status 1
23 error Failed at the my-app@0.1.0 start script 'react-scripts start'.
23 error Make sure you have the latest version of node.js and npm installed.
23 error If you do, this is most likely a problem with the my-app package,
23 error not with npm itself.
23 error Tell the author that this fails on your system:
23 error     react-scripts start
23 error You can get information on how to open an issue for this project with:
23 error     npm bugs my-app
23 error Or if that isn't available, you can get their info via:
23 error     npm owner ls my-app
23 error There is likely additional logging output above.
24 verbose exit [ 1, true ]
